<?xml version="1.0" encoding="utf-8"?><testsuites name="pytest tests"><testsuite name="pytest" errors="0" failures="0" skipped="0" tests="73" time="4.442" timestamp="2026-09-23T13:18:10.102498+01:00" hostname="GAMING"><testcase classname="project X.tests.test_active_notebook_validation" name="test_validates_active_notebooks_without_client_snapshots[validate_gld015_reject_reason_dimension.py-05_gold_dimensions.py]" time="0.228" /><testcase classname="project X.tests.test_active_notebook_validation" name="test_validates_active_notebooks_without_client_snapshots[validate_gold_referral_schema.py-04_gold_model.py]" time="0.287" /><testcase classname="project X.tests.test_active_notebook_validation" name="test_validates_active_notebooks_without_client_snapshots[validate_job_run_lineage.py-90_run_live_pipeline.py]" time="0.342" /><testcase classname="project X.tests.test_active_notebook_validation" name="test_validates_active_notebooks_without_client_snapshots[validate_silver_required_columns.py-99_common_library.py]" time="0.252" /><testcase classname="project X.tests.test_fabric_notebooks" name="test_read_fabric_cells_parameters_markdown_and_sql" time="0.001" /><testcase classname="project X.tests.test_fabric_notebooks" name="test_conversion_omits_execution_data_but_preserves_configuration" time="0.001" /><testcase classname="project X.tests.test_fabric_notebooks" name="test_explicit_python_path_never_falls_back_to_original_ipynb" time="0.003" /><testcase classname="project X.tests.test_fabric_notebooks" name="test_invalid_source_is_rejected[]" time="0.001" /><testcase classname="project X.tests.test_fabric_notebooks" name="test_invalid_source_is_rejected[print('ordinary script')]" time="0.001" /><testcase classname="project X.tests.test_fabric_notebooks" name="test_invalid_source_is_rejected[# Fabric notebook source\n]" time="0.001" /><testcase classname="project X.tests.test_fabric_notebooks" name="test_unsupported_cells_are_rejected" time="0.001" /><testcase classname="project X.tests.test_fabric_notebooks" name="test_primary_notebook_structure_and_python_syntax[00_archive_load]" time="0.010" /><testcase classname="project X.tests.test_fabric_notebooks" name="test_primary_notebook_structure_and_python_syntax[00_setup_cfg]" time="0.004" /><testcase classname="project X.tests.test_fabric_notebooks" name="test_primary_notebook_structure_and_python_syntax[00a_rehydrate_archive_cfg]" time="0.004" /><testcase classname="project X.tests.test_fabric_notebooks" name="test_primary_notebook_structure_and_python_syntax[00b_reset_silver_cfg]" time="0.003" /><testcase classname="project X.tests.test_fabric_notebooks" name="test_primary_notebook_structure_and_python_syntax[01_bronze_get_latest]" time="0.003" /><testcase classname="project X.tests.test_fabric_notebooks" name="test_primary_notebook_structure_and_python_syntax[01a_cfg_schema_capture_archive]" time="0.002" /><testcase classname="project X.tests.test_fabric_notebooks" name="test_primary_notebook_structure_and_python_syntax[01a_cfg_schema_capture_live]" time="0.003" /><testcase classname="project X.tests.test_fabric_notebooks" name="test_primary_notebook_structure_and_python_syntax[02_silver_formatter]" time="0.004" /><testcase classname="project X.tests.test_fabric_notebooks" name="test_primary_notebook_structure_and_python_syntax[02a_archive_silver]" time="0.011" /><testcase classname="project X.tests.test_fabric_notebooks" name="test_primary_notebook_structure_and_python_syntax[03_silver_business_rules]" time="0.009" /><testcase classname="project X.tests.test_fabric_notebooks" name="test_primary_notebook_structure_and_python_syntax[04_gold_model]" time="0.005" /><testcase classname="project X.tests.test_fabric_notebooks" name="test_primary_notebook_structure_and_python_syntax[05_gold_dimensions]" time="0.004" /><testcase classname="project X.tests.test_fabric_notebooks" name="test_primary_notebook_structure_and_python_syntax[90_run_archive_pipeline]" time="0.002" /><testcase classname="project X.tests.test_fabric_notebooks" name="test_primary_notebook_structure_and_python_syntax[90_run_live_pipeline]" time="0.002" /><testcase classname="project X.tests.test_fabric_notebooks" name="test_primary_notebook_structure_and_python_syntax[99_common_library]" time="0.007" /><testcase classname="project X.tests.test_fabric_notebooks" name="test_primary_notebook_structure_and_python_syntax[99_data_domain]" time="0.002" /><testcase classname="project X.tests.test_fabric_notebooks" name="test_primary_notebook_structure_and_python_syntax[99_data_extracts]" time="0.001" /><testcase classname="project X.tests.test_gold_ipa_signature_contract" name="test_gold_ipa_signature_and_closed_state[1-1-0-1-0]" time="0.001" /><testcase classname="project X.tests.test_gold_ipa_signature_contract" name="test_gold_ipa_signature_and_closed_state[1-0-0-0-1]" time="0.001" /><testcase classname="project X.tests.test_gold_ipa_signature_contract" name="test_gold_ipa_signature_and_closed_state[0-1-0-0-1]" time="0.001" /><testcase classname="project X.tests.test_gold_ipa_signature_contract" name="test_gold_ipa_signature_and_closed_state[0-0-0-0-1]" time="0.001" /><testcase classname="project X.tests.test_gold_ipa_signature_contract" name="test_gold_ipa_signature_and_closed_state[None-1-0-0-1]" time="0.001" /><testcase classname="project X.tests.test_gold_ipa_signature_contract" name="test_gold_ipa_signature_and_closed_state[1-None-0-0-1]" time="0.001" /><testcase classname="project X.tests.test_gold_ipa_signature_contract" name="test_gold_ipa_signature_and_closed_state[1-1-1-1-0]" time="0.001" /><testcase classname="project X.tests.test_gold_ipa_signature_contract" name="test_gold_ipa_signature_and_closed_state[1-0-1-0-0]" time="0.001" /><testcase classname="project X.tests.test_gold_ipa_signature_contract" name="test_gold_ipa_signature_and_closed_state[0-0-1-0-0]" time="0.001" /><testcase classname="project X.tests.test_gold_ipa_signature_contract" name="test_multiple_ipas_do_not_collapse_signature_counts_to_one_offer" time="0.001" /><testcase classname="project X.tests.test_gold_ipa_signature_contract" name="test_same_day_draft_edits_are_activity[DRAFT-2026-09-15 08:00:00-2026-09-15 08:00:00-expected0]" time="0.001" /><testcase classname="project X.tests.test_gold_ipa_signature_contract" name="test_same_day_draft_edits_are_activity[DRAFT-2026-09-15 08:00:00-2026-09-15 09:00:00-expected1]" time="0.001" /><testcase classname="project X.tests.test_gold_ipa_signature_contract" name="test_same_day_draft_edits_are_activity[DRAFT-2026-09-15 08:00:00-None-expected2]" time="0.001" /><testcase classname="project X.tests.test_gold_ipa_signature_contract" name="test_same_day_draft_edits_are_activity[OFFER_MADE-2026-09-15 08:00:00-2026-09-15 08:00:00-expected3]" time="0.001" /><testcase classname="project X.tests.test_notebooks_v16_contract" name="test_archive_sync_keeps_reset_explicitly_opt_in" time="0.002" /><testcase classname="project X.tests.test_notebooks_v16_contract" name="test_live_runner_imports_v16_timeout_and_dq_mode" time="0.002" /><testcase classname="project X.tests.test_notebooks_v16_contract" name="test_monitoring_step_summary_uses_object_created_by_setup" time="0.001" /><testcase classname="project X.tests.test_notebooks_v16_contract" name="test_archive_schema_capture_no_longer_reads_ad_hoc_production_csvs" time="0.001" /><testcase classname="project X.tests.test_notebooks_v16_contract" name="test_ipa_rollup_qualifies_referral_grouping" time="0.002" /><testcase classname="project X.tests.test_notebooks_v16_contract" name="test_closure_query_resolves_columns_and_sequences_latest_reason" time="0.002" /><testcase classname="project X.tests.test_validation_scripts" name="test_validator[validate_archive_framework_fallback]" time="0.077" /><testcase classname="project X.tests.test_validation_scripts" name="test_validator[validate_archive_load]" time="0.094" /><testcase classname="project X.tests.test_validation_scripts" name="test_validator[validate_archive_snapshot_and_enrichment]" time="0.096" /><testcase classname="project X.tests.test_validation_scripts" name="test_validator[validate_cfg005_contract_source_rows]" time="0.834" /><testcase classname="project X.tests.test_validation_scripts" name="test_validator[validate_cfg_setup]" time="0.144" /><testcase classname="project X.tests.test_validation_scripts" name="test_validator[validate_common_library_lint]" time="0.079" /><testcase classname="project X.tests.test_validation_scripts" name="test_validator[validate_core_pipeline]" time="0.103" /><testcase classname="project X.tests.test_validation_scripts" name="test_validator[validate_data_domain]" time="0.087" /><testcase classname="project X.tests.test_validation_scripts" name="test_validator[validate_gld015_reject_reason_dimension]" time="0.084" /><testcase classname="project X.tests.test_validation_scripts" name="test_validator[validate_gld016_provider_kpi_offer_keys]" time="0.077" /><testcase classname="project X.tests.test_validation_scripts" name="test_validator[validate_gold_referral_schema]" time="0.095" /><testcase classname="project X.tests.test_validation_scripts" name="test_validator[validate_job_run_lineage]" time="0.138" /><testcase classname="project X.tests.test_validation_scripts" name="test_validator[validate_live_pipeline_monitoring]" time="0.129" /><testcase classname="project X.tests.test_validation_scripts" name="test_validator[validate_monitoring_views]" time="0.089" /><testcase classname="project X.tests.test_validation_scripts" name="test_validator[validate_notebook_integration]" time="0.124" /><testcase classname="project X.tests.test_validation_scripts" name="test_validator[validate_ref_exclusions]" time="0.105" /><testcase classname="project X.tests.test_validation_scripts" name="test_validator[validate_referral_lifecycle_events]" time="0.073" /><testcase classname="project X.tests.test_validation_scripts" name="test_validator[validate_referral_provider_rollup]" time="0.071" /><testcase classname="project X.tests.test_validation_scripts" name="test_validator[validate_schema_drift]" time="0.089" /><testcase classname="project X.tests.test_validation_scripts" name="test_validator[validate_schema_drift_dimensions]" time="0.099" /><testcase classname="project X.tests.test_validation_scripts" name="test_validator[validate_si007_materialisations]" time="0.073" /><testcase classname="project X.tests.test_validation_scripts" name="test_validator[validate_si013_si016]" time="0.086" /><testcase classname="project X.tests.test_validation_scripts" name="test_validator[validate_si022_source_schema_contract]" time="0.077" /><testcase classname="project X.tests.test_validation_scripts" name="test_validator[validate_silver_required_columns]" time="0.077" /><testcase classname="project X.tests.test_validation_scripts" name="test_validator[validate_table_naming_and_archive_runner]" time="0.095" /></testsuite></testsuites>
