<?xml version="1.0" encoding="utf-8"?><testsuites name="pytest tests"><testsuite name="pytest" errors="0" failures="9" skipped="0" tests="88" time="4.373" timestamp="2026-09-23T13:12:16.325888+01:00" hostname="GAMING"><testcase classname="project X.tests.test_fabric_notebooks" name="test_read_fabric_cells_parameters_markdown_and_sql" time="0.001" /><testcase classname="project X.tests.test_fabric_notebooks" name="test_conversion_omits_execution_data_but_preserves_configuration" time="0.001" /><testcase classname="project X.tests.test_fabric_notebooks" name="test_explicit_python_path_never_falls_back_to_original_ipynb" time="0.005" /><testcase classname="project X.tests.test_fabric_notebooks" name="test_invalid_source_is_rejected[]" time="0.001" /><testcase classname="project X.tests.test_fabric_notebooks" name="test_invalid_source_is_rejected[print('ordinary script')]" time="0.001" /><testcase classname="project X.tests.test_fabric_notebooks" name="test_invalid_source_is_rejected[# Fabric notebook source\n]" time="0.001" /><testcase classname="project X.tests.test_fabric_notebooks" name="test_unsupported_cells_are_rejected" time="0.001" /><testcase classname="project X.tests.test_fabric_notebooks" name="test_primary_notebook_structure_and_python_syntax[00_archive_load]" time="0.010" /><testcase classname="project X.tests.test_fabric_notebooks" name="test_primary_notebook_structure_and_python_syntax[00_setup_cfg]" time="0.004" /><testcase classname="project X.tests.test_fabric_notebooks" name="test_primary_notebook_structure_and_python_syntax[00a_rehydrate_archive_cfg]" time="0.003" /><testcase classname="project X.tests.test_fabric_notebooks" name="test_primary_notebook_structure_and_python_syntax[00b_reset_silver_cfg]" time="0.002" /><testcase classname="project X.tests.test_fabric_notebooks" name="test_primary_notebook_structure_and_python_syntax[01_bronze_get_latest]" time="0.003" /><testcase classname="project X.tests.test_fabric_notebooks" name="test_primary_notebook_structure_and_python_syntax[01a_cfg_schema_capture_archive]" time="0.002" /><testcase classname="project X.tests.test_fabric_notebooks" name="test_primary_notebook_structure_and_python_syntax[01a_cfg_schema_capture_live]" time="0.003" /><testcase classname="project X.tests.test_fabric_notebooks" name="test_primary_notebook_structure_and_python_syntax[02_silver_formatter]" time="0.004" /><testcase classname="project X.tests.test_fabric_notebooks" name="test_primary_notebook_structure_and_python_syntax[02a_archive_silver]" time="0.009" /><testcase classname="project X.tests.test_fabric_notebooks" name="test_primary_notebook_structure_and_python_syntax[03_silver_business_rules]" time="0.008" /><testcase classname="project X.tests.test_fabric_notebooks" name="test_primary_notebook_structure_and_python_syntax[04_gold_model]" time="0.005" /><testcase classname="project X.tests.test_fabric_notebooks" name="test_primary_notebook_structure_and_python_syntax[05_gold_dimensions]" time="0.004" /><testcase classname="project X.tests.test_fabric_notebooks" name="test_primary_notebook_structure_and_python_syntax[90_run_archive_pipeline]" time="0.002" /><testcase classname="project X.tests.test_fabric_notebooks" name="test_primary_notebook_structure_and_python_syntax[90_run_live_pipeline]" time="0.002" /><testcase classname="project X.tests.test_fabric_notebooks" name="test_primary_notebook_structure_and_python_syntax[99_common_library]" time="0.008" /><testcase classname="project X.tests.test_fabric_notebooks" name="test_primary_notebook_structure_and_python_syntax[99_data_domain]" time="0.002" /><testcase classname="project X.tests.test_fabric_notebooks" name="test_primary_notebook_structure_and_python_syntax[99_data_extracts]" time="0.001" /><testcase classname="project X.tests.test_gold_ipa_signature_contract" name="test_gold_ipa_signature_and_closed_state[1-1-0-1-0]" time="0.001" /><testcase classname="project X.tests.test_gold_ipa_signature_contract" name="test_gold_ipa_signature_and_closed_state[1-0-0-0-1]" time="0.001" /><testcase classname="project X.tests.test_gold_ipa_signature_contract" name="test_gold_ipa_signature_and_closed_state[0-1-0-0-1]" time="0.001" /><testcase classname="project X.tests.test_gold_ipa_signature_contract" name="test_gold_ipa_signature_and_closed_state[0-0-0-0-1]" time="0.001" /><testcase classname="project X.tests.test_gold_ipa_signature_contract" name="test_gold_ipa_signature_and_closed_state[None-1-0-0-1]" time="0.001" /><testcase classname="project X.tests.test_gold_ipa_signature_contract" name="test_gold_ipa_signature_and_closed_state[1-None-0-0-1]" time="0.001" /><testcase classname="project X.tests.test_gold_ipa_signature_contract" name="test_gold_ipa_signature_and_closed_state[1-1-1-1-0]" time="0.001" /><testcase classname="project X.tests.test_gold_ipa_signature_contract" name="test_gold_ipa_signature_and_closed_state[1-0-1-0-0]" time="0.001" /><testcase classname="project X.tests.test_gold_ipa_signature_contract" name="test_gold_ipa_signature_and_closed_state[0-0-1-0-0]" time="0.001" /><testcase classname="project X.tests.test_gold_ipa_signature_contract" name="test_multiple_ipas_do_not_collapse_signature_counts_to_one_offer" time="0.001" /><testcase classname="project X.tests.test_gold_ipa_signature_contract" name="test_same_day_draft_edits_are_activity[DRAFT-2026-09-15 08:00:00-2026-09-15 08:00:00-expected0]" time="0.001" /><testcase classname="project X.tests.test_gold_ipa_signature_contract" name="test_same_day_draft_edits_are_activity[DRAFT-2026-09-15 08:00:00-2026-09-15 09:00:00-expected1]" time="0.001" /><testcase classname="project X.tests.test_gold_ipa_signature_contract" name="test_same_day_draft_edits_are_activity[DRAFT-2026-09-15 08:00:00-None-expected2]" time="0.001" /><testcase classname="project X.tests.test_gold_ipa_signature_contract" name="test_same_day_draft_edits_are_activity[OFFER_MADE-2026-09-15 08:00:00-2026-09-15 08:00:00-expected3]" time="0.001" /><testcase classname="project X.tests.test_gold_wip_measure_coverage" name="test_measure_inventory_excludes_templates_variables_and_predicates" time="0.001" /><testcase classname="project X.tests.test_mission_control_model" name="test_desktop_save_metadata_and_whitespace_are_accepted" time="0.001" /><testcase classname="project X.tests.test_mission_control_model" name="test_meaningful_changes_are_detected[[Runs] &gt; 0-[Runs] &gt; 1]" time="0.001" /><testcase classname="project X.tests.test_mission_control_model" name="test_meaningful_changes_are_detected[&quot;In progress&quot;-&quot;In  progress&quot;]" time="0.001" /><testcase classname="project X.tests.test_mission_control_model" name="test_meaningful_changes_are_detected[measure 'Status Label'-measure 'Different Label']" time="0.001" /><testcase classname="project X.tests.test_mission_control_model" name="test_meaningful_changes_are_detected[formatString: 0-formatString: 0.0%]" time="0.001" /><testcase classname="project X.tests.test_mission_control_model" name="test_meaningful_changes_are_detected[mode: import-mode: directQuery]" time="0.001" /><testcase classname="project X.tests.test_mission_control_model" name="test_meaningful_changes_are_detected[type table [], {}-type table [], {{}}]" time="0.001" /><testcase classname="project X.tests.test_mission_control_model" name="test_missing_partition_still_fails" time="0.005" /><testcase classname="project X.tests.test_notebooks_v16_contract" name="test_archive_sync_keeps_reset_explicitly_opt_in" time="0.002" /><testcase classname="project X.tests.test_notebooks_v16_contract" name="test_live_runner_imports_v16_timeout_and_dq_mode" time="0.002" /><testcase classname="project X.tests.test_notebooks_v16_contract" name="test_monitoring_step_summary_uses_object_created_by_setup" time="0.001" /><testcase classname="project X.tests.test_notebooks_v16_contract" name="test_archive_schema_capture_no_longer_reads_ad_hoc_production_csvs" time="0.001" /><testcase classname="project X.tests.test_notebooks_v16_contract" name="test_ipa_rollup_qualifies_referral_grouping" time="0.002" /><testcase classname="project X.tests.test_notebooks_v16_contract" name="test_closure_query_resolves_columns_and_sequences_latest_reason" time="0.002" /><testcase classname="project X.tests.test_validation_scripts" name="test_validator[validate_archive_framework_fallback]" time="0.084" /><testcase classname="project X.tests.test_validation_scripts" name="test_validator[validate_archive_load]" time="0.099" /><testcase classname="project X.tests.test_validation_scripts" name="test_validator[validate_archive_snapshot_and_enrichment]" time="0.096" /><testcase classname="project X.tests.test_validation_scripts" name="test_validator[validate_cfg005_contract_source_rows]" time="0.830" /><testcase classname="project X.tests.test_validation_scripts" name="test_validator[validate_cfg_setup]" time="0.137" /><testcase classname="project X.tests.test_validation_scripts" name="test_validator[validate_common_library_lint]" time="0.085" /><testcase classname="project X.tests.test_validation_scripts" name="test_validator[validate_core_pipeline]" time="0.107" /><testcase classname="project X.tests.test_validation_scripts" name="test_validator[validate_data_domain]" time="0.081" /><testcase classname="project X.tests.test_validation_scripts" name="test_validator[validate_gld015_reject_reason_dimension]" time="0.099"><failure message="AssertionError: validate_gld015_reject_reason_dimension.py failed:&#10;  STDOUT:&#10;  &#10;  STDERR:&#10;  Traceback (most recent call last):&#10;    File &quot;C:\repos\BCT\fabric-csv-bronze-ingestion\project X\tests\validate_gld015_reject_reason_dimension.py&quot;, line 43, in &lt;module&gt;&#10;      assert expected in text, f&quot;{notebook.name} is missing GLD-015 contract: {expected}&quot;&#10;             ^^^^^^^^^^^^^^^^&#10;  AssertionError: notebook-content.py is missing GLD-015 contract: closure_reason_clean&#10;  &#10;assert 1 == 0&#10; +  where 1 = CompletedProcess(args=['C:\\Python314\\python.exe', 'C:\\repos\\BCT\\fabric-csv-bronze-ingestion\\project X\\tests\\va...n           ^^^^^^^^^^^^^^^^\nAssertionError: notebook-content.py is missing GLD-015 contract: closure_reason_clean\n').returncode">E   AssertionError: validate_gld015_reject_reason_dimension.py failed:
      STDOUT:

      STDERR:
      Traceback (most recent call last):
        File "C:\repos\BCT\fabric-csv-bronze-ingestion\project X\tests\validate_gld015_reject_reason_dimension.py", line 43, in &lt;module&gt;
          assert expected in text, f"{notebook.name} is missing GLD-015 contract: {expected}"
                 ^^^^^^^^^^^^^^^^
      AssertionError: notebook-content.py is missing GLD-015 contract: closure_reason_clean

    assert 1 == 0
     +  where 1 = CompletedProcess(args=['C:\\Python314\\python.exe', 'C:\\repos\\BCT\\fabric-csv-bronze-ingestion\\project X\\tests\\va...n           ^^^^^^^^^^^^^^^^\nAssertionError: notebook-content.py is missing GLD-015 contract: closure_reason_clean\n').returncode</failure></testcase><testcase classname="project X.tests.test_validation_scripts" name="test_validator[validate_gld016_provider_kpi_offer_keys]" time="0.071" /><testcase classname="project X.tests.test_validation_scripts" name="test_validator[validate_gold_dax_guide]" time="0.051" /><testcase classname="project X.tests.test_validation_scripts" name="test_validator[validate_gold_referral_schema]" time="0.119"><failure message="AssertionError: validate_gold_referral_schema.py failed:&#10;  STDOUT:&#10;  PASS Fabric notebook cells and Python syntax&#10;  PASS referral contract retains the six captured live fields with approved ordinals&#10;  PASS fact_referral uses current referral extract names, not audit-table names&#10;  PASS Gold facts are materialised tables for Lakehouse semantic-model discovery&#10;  PASS all Gold facts and the referral snapshot publish export_date and job_run_id&#10;  PASS Gold facts use the snake_case semantic contract and fact_ipa name&#10;  PASS Gold fails early with one actionable source-schema message&#10;  PASS Gold exposes lifecycle events separately and promotes derived referral dates from Silver&#10;  PASS fact_referral intermediate SQL aliases use lower snake_case&#10;  PASS change log records SI-006 and its validation&#10;  PASS Spark simulation fixture mirrors the production flattened referral model&#10;  PASS GLD-014 materialises provider messages and consolidated closure reasons&#10;  &#10;  STDERR:&#10;  Traceback (most recent call last):&#10;    File &quot;C:\repos\BCT\fabric-csv-bronze-ingestion\project X\tests\validate_gold_referral_schema.py&quot;, line 262, in &lt;module&gt;&#10;      assert &quot;job_run_id&quot; in deployed_source, (&#10;             ^^^^^^^^^^^^^^^^^^^^^^^^^^^^^^^&#10;  AssertionError: notebook-content.py is missing the Gold job-run lineage feature&#10;  &#10;assert 1 == 0&#10; +  where 1 = CompletedProcess(args=['C:\\Python314\\python.exe', 'C:\\repos\\BCT\\fabric-csv-bronze-ingestion\\project X\\tests\\va...   ^^^^^^^^^^^^^^^^^^^^^^^^^^^^^^^\nAssertionError: notebook-content.py is missing the Gold job-run lineage feature\n').returncode">E   AssertionError: validate_gold_referral_schema.py failed:
      STDOUT:
      PASS Fabric notebook cells and Python syntax
      PASS referral contract retains the six captured live fields with approved ordinals
      PASS fact_referral uses current referral extract names, not audit-table names
      PASS Gold facts are materialised tables for Lakehouse semantic-model discovery
      PASS all Gold facts and the referral snapshot publish export_date and job_run_id
      PASS Gold facts use the snake_case semantic contract and fact_ipa name
      PASS Gold fails early with one actionable source-schema message
      PASS Gold exposes lifecycle events separately and promotes derived referral dates from Silver
      PASS fact_referral intermediate SQL aliases use lower snake_case
      PASS change log records SI-006 and its validation
      PASS Spark simulation fixture mirrors the production flattened referral model
      PASS GLD-014 materialises provider messages and consolidated closure reasons

      STDERR:
      Traceback (most recent call last):
        File "C:\repos\BCT\fabric-csv-bronze-ingestion\project X\tests\validate_gold_referral_schema.py", line 262, in &lt;module&gt;
          assert "job_run_id" in deployed_source, (
                 ^^^^^^^^^^^^^^^^^^^^^^^^^^^^^^^
      AssertionError: notebook-content.py is missing the Gold job-run lineage feature

    assert 1 == 0
     +  where 1 = CompletedProcess(args=['C:\\Python314\\python.exe', 'C:\\repos\\BCT\\fabric-csv-bronze-ingestion\\project X\\tests\\va...   ^^^^^^^^^^^^^^^^^^^^^^^^^^^^^^^\nAssertionError: notebook-content.py is missing the Gold job-run lineage feature\n').returncode</failure></testcase><testcase classname="project X.tests.test_validation_scripts" name="test_validator[validate_gold_report_model]" time="0.054" /><testcase classname="project X.tests.test_validation_scripts" name="test_validator[validate_gold_wip_measure_coverage]" time="0.072" /><testcase classname="project X.tests.test_validation_scripts" name="test_validator[validate_job_run_lineage]" time="0.107"><failure message="AssertionError: validate_job_run_lineage.py failed:&#10;  STDOUT:&#10;  &#10;  STDERR:&#10;  Traceback (most recent call last):&#10;    File &quot;C:\repos\BCT\fabric-csv-bronze-ingestion\project X\tests\validate_job_run_lineage.py&quot;, line 66, in &lt;module&gt;&#10;      assert expected in deployed_runner, f&quot;deployed live runner missing {expected}&quot;&#10;             ^^^^^^^^^^^^^^^^^^^^^^^^^^^&#10;  AssertionError: deployed live runner missing FORCE_RERUN = False&#10;  &#10;assert 1 == 0&#10; +  where 1 = CompletedProcess(args=['C:\\Python314\\python.exe', 'C:\\repos\\BCT\\fabric-csv-bronze-ingestion\\project X\\tests\\va...xpected}&quot;\n           ^^^^^^^^^^^^^^^^^^^^^^^^^^^\nAssertionError: deployed live runner missing FORCE_RERUN = False\n').returncode">E   AssertionError: validate_job_run_lineage.py failed:
      STDOUT:

      STDERR:
      Traceback (most recent call last):
        File "C:\repos\BCT\fabric-csv-bronze-ingestion\project X\tests\validate_job_run_lineage.py", line 66, in &lt;module&gt;
          assert expected in deployed_runner, f"deployed live runner missing {expected}"
                 ^^^^^^^^^^^^^^^^^^^^^^^^^^^
      AssertionError: deployed live runner missing FORCE_RERUN = False

    assert 1 == 0
     +  where 1 = CompletedProcess(args=['C:\\Python314\\python.exe', 'C:\\repos\\BCT\\fabric-csv-bronze-ingestion\\project X\\tests\\va...xpected}"\n           ^^^^^^^^^^^^^^^^^^^^^^^^^^^\nAssertionError: deployed live runner missing FORCE_RERUN = False\n').returncode</failure></testcase><testcase classname="project X.tests.test_validation_scripts" name="test_validator[validate_live_pipeline_monitoring]" time="0.083" /><testcase classname="project X.tests.test_validation_scripts" name="test_validator[validate_mission_control_job_drill]" time="0.077" /><testcase classname="project X.tests.test_validation_scripts" name="test_validator[validate_mission_control_model]" time="0.080" /><testcase classname="project X.tests.test_validation_scripts" name="test_validator[validate_monitoring_views]" time="0.114" /><testcase classname="project X.tests.test_validation_scripts" name="test_validator[validate_notebook_integration]" time="0.143" /><testcase classname="project X.tests.test_validation_scripts" name="test_validator[validate_ref_exclusions]" time="0.108" /><testcase classname="project X.tests.test_validation_scripts" name="test_validator[validate_referral_lifecycle_events]" time="0.074" /><testcase classname="project X.tests.test_validation_scripts" name="test_validator[validate_referral_provider_rollup]" time="0.072" /><testcase classname="project X.tests.test_validation_scripts" name="test_validator[validate_schema_drift]" time="0.083" /><testcase classname="project X.tests.test_validation_scripts" name="test_validator[validate_schema_drift_dimensions]" time="0.097" /><testcase classname="project X.tests.test_validation_scripts" name="test_validator[validate_si007_materialisations]" time="0.076" /><testcase classname="project X.tests.test_validation_scripts" name="test_validator[validate_si013_si016]" time="0.083" /><testcase classname="project X.tests.test_validation_scripts" name="test_validator[validate_si022_source_schema_contract]" time="0.100" /><testcase classname="project X.tests.test_validation_scripts" name="test_validator[validate_silver_required_columns]" time="0.106"><failure message="AssertionError: validate_silver_required_columns.py failed:&#10;  STDOUT:&#10;  PASS schema contract retains all Gold-required referral columns&#10;  PASS 02_silver_formatter.py refreshes a stale Silver schema&#10;  PASS 02a_archive_silver.py refreshes a stale Silver schema&#10;  &#10;  STDERR:&#10;  Traceback (most recent call last):&#10;    File &quot;C:\repos\BCT\fabric-csv-bronze-ingestion\project X\tests\validate_silver_required_columns.py&quot;, line 107, in &lt;module&gt;&#10;      main()&#10;      ~~~~^^&#10;    File &quot;C:\repos\BCT\fabric-csv-bronze-ingestion\project X\tests\validate_silver_required_columns.py&quot;, line 83, in main&#10;      assert &quot;def ensure_export_date_contract&quot; in deployed_common_text, (&#10;             ^^^^^^^^^^^^^^^^^^^^^^^^^^^^^^^^^^^^^^^^^^^^^^^^^^^^^^^^^&#10;  AssertionError: Deployed WMPP common library lacks the SI-025 export_date contract guard&#10;  &#10;assert 1 == 0&#10; +  where 1 = CompletedProcess(args=['C:\\Python314\\python.exe', 'C:\\repos\\BCT\\fabric-csv-bronze-ingestion\\project X\\tests\\va...^^^^^^^^^^^^^^^^^^^^^^^^^\nAssertionError: Deployed WMPP common library lacks the SI-025 export_date contract guard\n').returncode">E   AssertionError: validate_silver_required_columns.py failed:
      STDOUT:
      PASS schema contract retains all Gold-required referral columns
      PASS 02_silver_formatter.py refreshes a stale Silver schema
      PASS 02a_archive_silver.py refreshes a stale Silver schema

      STDERR:
      Traceback (most recent call last):
        File "C:\repos\BCT\fabric-csv-bronze-ingestion\project X\tests\validate_silver_required_columns.py", line 107, in &lt;module&gt;
          main()
          ~~~~^^
        File "C:\repos\BCT\fabric-csv-bronze-ingestion\project X\tests\validate_silver_required_columns.py", line 83, in main
          assert "def ensure_export_date_contract" in deployed_common_text, (
                 ^^^^^^^^^^^^^^^^^^^^^^^^^^^^^^^^^^^^^^^^^^^^^^^^^^^^^^^^^
      AssertionError: Deployed WMPP common library lacks the SI-025 export_date contract guard

    assert 1 == 0
     +  where 1 = CompletedProcess(args=['C:\\Python314\\python.exe', 'C:\\repos\\BCT\\fabric-csv-bronze-ingestion\\project X\\tests\\va...^^^^^^^^^^^^^^^^^^^^^^^^^\nAssertionError: Deployed WMPP common library lacks the SI-025 export_date contract guard\n').returncode</failure></testcase><testcase classname="project X.tests.test_validation_scripts" name="test_validator[validate_table_naming_and_archive_runner]" time="0.096" /><testcase classname="project X.tests.test_validation_scripts" name="test_validator[validate_wmpp_end_goal_design]" time="0.110"><failure message="AssertionError: validate_wmpp_end_goal_design.py failed:&#10;  STDOUT:&#10;  &#10;  STDERR:&#10;  Traceback (most recent call last):&#10;    File &quot;C:\repos\BCT\fabric-csv-bronze-ingestion\project X\tests\validate_wmpp_end_goal_design.py&quot;, line 18, in &lt;module&gt;&#10;      support = (TABLES / '_Design Measures.tmdl').read_text(encoding='utf-8')&#10;    File &quot;C:\Python314\Lib\pathlib\__init__.py&quot;, line 787, in read_text&#10;      with self.open(mode='r', encoding=encoding, errors=errors, newline=newline) as f:&#10;           ~~~~~~~~~^^^^^^^^^^^^^^^^^^^^^^^^^^^^^^^^^^^^^^^^^^^^^^^^^^^^^^^^^^^^^&#10;    File &quot;C:\Python314\Lib\pathlib\__init__.py&quot;, line 771, in open&#10;      return io.open(self, mode, buffering, encoding, errors, newline)&#10;             ~~~~~~~^^^^^^^^^^^^^^^^^^^^^^^^^^^^^^^^^^^^^^^^^^^^^^^^^^&#10;  FileNotFoundError: [Errno 2] No such file or directory: 'C:\\repos\\BCT\\fabric-csv-bronze-ingestion\\project X\\reports\\current\\SM WMPP v16 updated\\SM_WMPP_v16.SemanticModel\\definition\\tables\\_Design Measures.tmdl'&#10;  &#10;assert 1 == 0&#10; +  where 1 = CompletedProcess(args=['C:\\Python314\\python.exe', 'C:\\repos\\BCT\\fabric-csv-bronze-ingestion\\project X\\tests\\va...s\\\\current\\\\SM WMPP v16 updated\\\\SM_WMPP_v16.SemanticModel\\\\definition\\\\tables\\\\_Design Measures.tmdl\'\n').returncode">E   AssertionError: validate_wmpp_end_goal_design.py failed:
      STDOUT:

      STDERR:
      Traceback (most recent call last):
        File "C:\repos\BCT\fabric-csv-bronze-ingestion\project X\tests\validate_wmpp_end_goal_design.py", line 18, in &lt;module&gt;
          support = (TABLES / '_Design Measures.tmdl').read_text(encoding='utf-8')
        File "C:\Python314\Lib\pathlib\__init__.py", line 787, in read_text
          with self.open(mode='r', encoding=encoding, errors=errors, newline=newline) as f:
               ~~~~~~~~~^^^^^^^^^^^^^^^^^^^^^^^^^^^^^^^^^^^^^^^^^^^^^^^^^^^^^^^^^^^^^
        File "C:\Python314\Lib\pathlib\__init__.py", line 771, in open
          return io.open(self, mode, buffering, encoding, errors, newline)
                 ~~~~~~~^^^^^^^^^^^^^^^^^^^^^^^^^^^^^^^^^^^^^^^^^^^^^^^^^^
      FileNotFoundError: [Errno 2] No such file or directory: 'C:\\repos\\BCT\\fabric-csv-bronze-ingestion\\project X\\reports\\current\\SM WMPP v16 updated\\SM_WMPP_v16.SemanticModel\\definition\\tables\\_Design Measures.tmdl'

    assert 1 == 0
     +  where 1 = CompletedProcess(args=['C:\\Python314\\python.exe', 'C:\\repos\\BCT\\fabric-csv-bronze-ingestion\\project X\\tests\\va...s\\\\current\\\\SM WMPP v16 updated\\\\SM_WMPP_v16.SemanticModel\\\\definition\\\\tables\\\\_Design Measures.tmdl\'\n').returncode</failure></testcase><testcase classname="project X.tests.test_validation_scripts" name="test_validator[validate_wmpp_local_project]" time="0.092"><failure message="AssertionError: validate_wmpp_local_project.py failed:&#10;  STDOUT:&#10;  &#10;  STDERR:&#10;  Traceback (most recent call last):&#10;    File &quot;C:\repos\BCT\fabric-csv-bronze-ingestion\project X\tests\validate_wmpp_local_project.py&quot;, line 19, in &lt;module&gt;&#10;      pbip = load(ACTIVE / 'SM_WMPP_v16.pbip')&#10;    File &quot;C:\repos\BCT\fabric-csv-bronze-ingestion\project X\tests\validate_wmpp_local_project.py&quot;, line 17, in &lt;lambda&gt;&#10;      load = lambda p: json.loads(p.read_text(encoding='utf-8-sig'))&#10;                                  ~~~~~~~~~~~^^^^^^^^^^^^^^^^^^^^^^&#10;    File &quot;C:\Python314\Lib\pathlib\__init__.py&quot;, line 787, in read_text&#10;      with self.open(mode='r', encoding=encoding, errors=errors, newline=newline) as f:&#10;           ~~~~~~~~~^^^^^^^^^^^^^^^^^^^^^^^^^^^^^^^^^^^^^^^^^^^^^^^^^^^^^^^^^^^^^&#10;    File &quot;C:\Python314\Lib\pathlib\__init__.py&quot;, line 771, in open&#10;      return io.open(self, mode, buffering, encoding, errors, newline)&#10;             ~~~~~~~^^^^^^^^^^^^^^^^^^^^^^^^^^^^^^^^^^^^^^^^^^^^^^^^^^&#10;  FileNotFoundError: [Errno 2] No such file or directory: 'C:\\repos\\BCT\\fabric-csv-bronze-ingestion\\project X\\reports\\current\\SM WMPP v16 updated\\SM_WMPP_v16.pbip'&#10;  &#10;assert 1 == 0&#10; +  where 1 = CompletedProcess(args=['C:\\Python314\\python.exe', 'C:\\repos\\BCT\\fabric-csv-bronze-ingestion\\project X\\tests\\va...\BCT\\\\fabric-csv-bronze-ingestion\\\\project X\\\\reports\\\\current\\\\SM WMPP v16 updated\\\\SM_WMPP_v16.pbip\'\n').returncode">E   AssertionError: validate_wmpp_local_project.py failed:
      STDOUT:

      STDERR:
      Traceback (most recent call last):
        File "C:\repos\BCT\fabric-csv-bronze-ingestion\project X\tests\validate_wmpp_local_project.py", line 19, in &lt;module&gt;
          pbip = load(ACTIVE / 'SM_WMPP_v16.pbip')
        File "C:\repos\BCT\fabric-csv-bronze-ingestion\project X\tests\validate_wmpp_local_project.py", line 17, in &lt;lambda&gt;
          load = lambda p: json.loads(p.read_text(encoding='utf-8-sig'))
                                      ~~~~~~~~~~~^^^^^^^^^^^^^^^^^^^^^^
        File "C:\Python314\Lib\pathlib\__init__.py", line 787, in read_text
          with self.open(mode='r', encoding=encoding, errors=errors, newline=newline) as f:
               ~~~~~~~~~^^^^^^^^^^^^^^^^^^^^^^^^^^^^^^^^^^^^^^^^^^^^^^^^^^^^^^^^^^^^^
        File "C:\Python314\Lib\pathlib\__init__.py", line 771, in open
          return io.open(self, mode, buffering, encoding, errors, newline)
                 ~~~~~~~^^^^^^^^^^^^^^^^^^^^^^^^^^^^^^^^^^^^^^^^^^^^^^^^^^
      FileNotFoundError: [Errno 2] No such file or directory: 'C:\\repos\\BCT\\fabric-csv-bronze-ingestion\\project X\\reports\\current\\SM WMPP v16 updated\\SM_WMPP_v16.pbip'

    assert 1 == 0
     +  where 1 = CompletedProcess(args=['C:\\Python314\\python.exe', 'C:\\repos\\BCT\\fabric-csv-bronze-ingestion\\project X\\tests\\va...\BCT\\\\fabric-csv-bronze-ingestion\\\\project X\\\\reports\\\\current\\\\SM WMPP v16 updated\\\\SM_WMPP_v16.pbip\'\n').returncode</failure></testcase><testcase classname="project X.tests.test_validation_scripts" name="test_validator[validate_wmpp_reference_design]" time="0.159"><failure message="AssertionError: validate_wmpp_reference_design.py failed:&#10;  STDOUT:&#10;  &#10;  STDERR:&#10;  Traceback (most recent call last):&#10;    File &quot;C:\repos\BCT\fabric-csv-bronze-ingestion\project X\tests\validate_wmpp_reference_design.py&quot;, line 13, in &lt;module&gt;&#10;      page=read(page_dir/'page.json')&#10;    File &quot;C:\repos\BCT\fabric-csv-bronze-ingestion\project X\tools\sync_wmpp_report_theme.py&quot;, line 39, in read&#10;      return json.loads(path.read_text(encoding='utf-8-sig'))&#10;                        ~~~~~~~~~~~~~~^^^^^^^^^^^^^^^^^^^^^^&#10;    File &quot;C:\Python314\Lib\pathlib\__init__.py&quot;, line 787, in read_text&#10;      with self.open(mode='r', encoding=encoding, errors=errors, newline=newline) as f:&#10;           ~~~~~~~~~^^^^^^^^^^^^^^^^^^^^^^^^^^^^^^^^^^^^^^^^^^^^^^^^^^^^^^^^^^^^^&#10;    File &quot;C:\Python314\Lib\pathlib\__init__.py&quot;, line 771, in open&#10;      return io.open(self, mode, buffering, encoding, errors, newline)&#10;             ~~~~~~~^^^^^^^^^^^^^^^^^^^^^^^^^^^^^^^^^^^^^^^^^^^^^^^^^^&#10;  FileNotFoundError: [Errno 2] No such file or directory: 'C:\\repos\\BCT\\fabric-csv-bronze-ingestion\\project X\\reports\\current\\RPT WMPP v16\\WMPP_DASHBOARD_v16.Report\\definition\\pages\\5038cffdd48af9a80dd1\\page.json'&#10;  &#10;assert 1 == 0&#10; +  where 1 = CompletedProcess(args=['C:\\Python314\\python.exe', 'C:\\repos\\BCT\\fabric-csv-bronze-ingestion\\project X\\tests\\va...\current\\\\RPT WMPP v16\\\\WMPP_DASHBOARD_v16.Report\\\\definition\\\\pages\\\\5038cffdd48af9a80dd1\\\\page.json\'\n').returncode">E   AssertionError: validate_wmpp_reference_design.py failed:
      STDOUT:

      STDERR:
      Traceback (most recent call last):
        File "C:\repos\BCT\fabric-csv-bronze-ingestion\project X\tests\validate_wmpp_reference_design.py", line 13, in &lt;module&gt;
          page=read(page_dir/'page.json')
        File "C:\repos\BCT\fabric-csv-bronze-ingestion\project X\tools\sync_wmpp_report_theme.py", line 39, in read
          return json.loads(path.read_text(encoding='utf-8-sig'))
                            ~~~~~~~~~~~~~~^^^^^^^^^^^^^^^^^^^^^^
        File "C:\Python314\Lib\pathlib\__init__.py", line 787, in read_text
          with self.open(mode='r', encoding=encoding, errors=errors, newline=newline) as f:
               ~~~~~~~~~^^^^^^^^^^^^^^^^^^^^^^^^^^^^^^^^^^^^^^^^^^^^^^^^^^^^^^^^^^^^^
        File "C:\Python314\Lib\pathlib\__init__.py", line 771, in open
          return io.open(self, mode, buffering, encoding, errors, newline)
                 ~~~~~~~^^^^^^^^^^^^^^^^^^^^^^^^^^^^^^^^^^^^^^^^^^^^^^^^^^
      FileNotFoundError: [Errno 2] No such file or directory: 'C:\\repos\\BCT\\fabric-csv-bronze-ingestion\\project X\\reports\\current\\RPT WMPP v16\\WMPP_DASHBOARD_v16.Report\\definition\\pages\\5038cffdd48af9a80dd1\\page.json'

    assert 1 == 0
     +  where 1 = CompletedProcess(args=['C:\\Python314\\python.exe', 'C:\\repos\\BCT\\fabric-csv-bronze-ingestion\\project X\\tests\\va...\current\\\\RPT WMPP v16\\\\WMPP_DASHBOARD_v16.Report\\\\definition\\\\pages\\\\5038cffdd48af9a80dd1\\\\page.json\'\n').returncode</failure></testcase><testcase classname="project X.tests.test_validation_scripts" name="test_validator[validate_wmpp_report_theme]" time="0.168"><failure message="AssertionError: validate_wmpp_report_theme.py failed:&#10;  STDOUT:&#10;  &#10;  STDERR:&#10;  Traceback (most recent call last):&#10;    File &quot;C:\repos\BCT\fabric-csv-bronze-ingestion\project X\tests\validate_wmpp_report_theme.py&quot;, line 13, in &lt;module&gt;&#10;      report = read(folder / 'definition/report.json')&#10;    File &quot;C:\repos\BCT\fabric-csv-bronze-ingestion\project X\tools\sync_wmpp_report_theme.py&quot;, line 39, in read&#10;      return json.loads(path.read_text(encoding='utf-8-sig'))&#10;                        ~~~~~~~~~~~~~~^^^^^^^^^^^^^^^^^^^^^^&#10;    File &quot;C:\Python314\Lib\pathlib\__init__.py&quot;, line 787, in read_text&#10;      with self.open(mode='r', encoding=encoding, errors=errors, newline=newline) as f:&#10;           ~~~~~~~~~^^^^^^^^^^^^^^^^^^^^^^^^^^^^^^^^^^^^^^^^^^^^^^^^^^^^^^^^^^^^^&#10;    File &quot;C:\Python314\Lib\pathlib\__init__.py&quot;, line 771, in open&#10;      return io.open(self, mode, buffering, encoding, errors, newline)&#10;             ~~~~~~~^^^^^^^^^^^^^^^^^^^^^^^^^^^^^^^^^^^^^^^^^^^^^^^^^^&#10;  FileNotFoundError: [Errno 2] No such file or directory: 'C:\\repos\\BCT\\fabric-csv-bronze-ingestion\\project X\\reports\\current\\RPT WMPP v16\\WMPP_DASHBOARD_v16.Report\\definition\\report.json'&#10;  &#10;assert 1 == 0&#10; +  where 1 = CompletedProcess(args=['C:\\Python314\\python.exe', 'C:\\repos\\BCT\\fabric-csv-bronze-ingestion\\project X\\tests\\va...tion\\\\project X\\\\reports\\\\current\\\\RPT WMPP v16\\\\WMPP_DASHBOARD_v16.Report\\\\definition\\\\report.json\'\n').returncode">E   AssertionError: validate_wmpp_report_theme.py failed:
      STDOUT:

      STDERR:
      Traceback (most recent call last):
        File "C:\repos\BCT\fabric-csv-bronze-ingestion\project X\tests\validate_wmpp_report_theme.py", line 13, in &lt;module&gt;
          report = read(folder / 'definition/report.json')
        File "C:\repos\BCT\fabric-csv-bronze-ingestion\project X\tools\sync_wmpp_report_theme.py", line 39, in read
          return json.loads(path.read_text(encoding='utf-8-sig'))
                            ~~~~~~~~~~~~~~^^^^^^^^^^^^^^^^^^^^^^
        File "C:\Python314\Lib\pathlib\__init__.py", line 787, in read_text
          with self.open(mode='r', encoding=encoding, errors=errors, newline=newline) as f:
               ~~~~~~~~~^^^^^^^^^^^^^^^^^^^^^^^^^^^^^^^^^^^^^^^^^^^^^^^^^^^^^^^^^^^^^
        File "C:\Python314\Lib\pathlib\__init__.py", line 771, in open
          return io.open(self, mode, buffering, encoding, errors, newline)
                 ~~~~~~~^^^^^^^^^^^^^^^^^^^^^^^^^^^^^^^^^^^^^^^^^^^^^^^^^^
      FileNotFoundError: [Errno 2] No such file or directory: 'C:\\repos\\BCT\\fabric-csv-bronze-ingestion\\project X\\reports\\current\\RPT WMPP v16\\WMPP_DASHBOARD_v16.Report\\definition\\report.json'

    assert 1 == 0
     +  where 1 = CompletedProcess(args=['C:\\Python314\\python.exe', 'C:\\repos\\BCT\\fabric-csv-bronze-ingestion\\project X\\tests\\va...tion\\\\project X\\\\reports\\\\current\\\\RPT WMPP v16\\\\WMPP_DASHBOARD_v16.Report\\\\definition\\\\report.json\'\n').returncode</failure></testcase><testcase classname="project X.tests.test_validation_scripts" name="test_validator[validate_wmpp_v16_enhancements]" time="0.098"><failure message="AssertionError: validate_wmpp_v16_enhancements.py failed:&#10;  STDOUT:&#10;  &#10;  STDERR:&#10;  Traceback (most recent call last):&#10;    File &quot;C:\repos\BCT\fabric-csv-bronze-ingestion\project X\tests\validate_wmpp_v16_enhancements.py&quot;, line 8, in &lt;module&gt;&#10;      runpy.run_path(&#10;      ~~~~~~~~~~~~~~^&#10;          str(ROOT / &quot;tools&quot; / &quot;validate_wmpp_v16_enhancements.py&quot;),&#10;          ^^^^^^^^^^^^^^^^^^^^^^^^^^^^^^^^^^^^^^^^^^^^^^^^^^^^^^^^^^&#10;          run_name=&quot;__main__&quot;,&#10;          ^^^^^^^^^^^^^^^^^^^^&#10;      )&#10;      ^&#10;    File &quot;&lt;frozen runpy&gt;&quot;, line 294, in run_path&#10;    File &quot;&lt;frozen runpy&gt;&quot;, line 98, in _run_module_code&#10;    File &quot;&lt;frozen runpy&gt;&quot;, line 88, in _run_code&#10;    File &quot;C:\repos\BCT\fabric-csv-bronze-ingestion\project X\tools\validate_wmpp_v16_enhancements.py&quot;, line 224, in &lt;module&gt;&#10;      main()&#10;      ~~~~^^&#10;    File &quot;C:\repos\BCT\fabric-csv-bronze-ingestion\project X\tools\validate_wmpp_v16_enhancements.py&quot;, line 108, in main&#10;      measures = measure_names(read(TABLES / &quot;_Measures.tmdl&quot;))&#10;                               ~~~~^^^^^^^^^^^^^^^^^^^^^^^^^^^&#10;    File &quot;C:\repos\BCT\fabric-csv-bronze-ingestion\project X\tools\validate_wmpp_v16_enhancements.py&quot;, line 39, in read&#10;      return path.read_text(encoding=&quot;utf-8-sig&quot;)&#10;             ~~~~~~~~~~~~~~^^^^^^^^^^^^^^^^^^^^^^&#10;    File &quot;C:\Python314\Lib\pathlib\__init__.py&quot;, line 787, in read_text&#10;      with self.open(mode='r', encoding=encoding, errors=errors, newline=newline) as f:&#10;           ~~~~~~~~~^^^^^^^^^^^^^^^^^^^^^^^^^^^^^^^^^^^^^^^^^^^^^^^^^^^^^^^^^^^^^&#10;    File &quot;C:\Python314\Lib\pathlib\__init__.py&quot;, line 771, in open&#10;      return io.open(self, mode, buffering, encoding, errors, newline)&#10;             ~~~~~~~^^^^^^^^^^^^^^^^^^^^^^^^^^^^^^^^^^^^^^^^^^^^^^^^^^&#10;  FileNotFoundError: [Errno 2] No such file or directory: 'C:\\repos\\BCT\\fabric-csv-bronze-ingestion\\project X\\reports\\current\\SM WMPP v16 updated\\SM_WMPP_v16.SemanticModel\\definition\\tables\\_Measures.tmdl'&#10;  &#10;assert 1 == 0&#10; +  where 1 = CompletedProcess(args=['C:\\Python314\\python.exe', 'C:\\repos\\BCT\\fabric-csv-bronze-ingestion\\project X\\tests\\va...\reports\\\\current\\\\SM WMPP v16 updated\\\\SM_WMPP_v16.SemanticModel\\\\definition\\\\tables\\\\_Measures.tmdl\'\n').returncode">E   AssertionError: validate_wmpp_v16_enhancements.py failed:
      STDOUT:

      STDERR:
      Traceback (most recent call last):
        File "C:\repos\BCT\fabric-csv-bronze-ingestion\project X\tests\validate_wmpp_v16_enhancements.py", line 8, in &lt;module&gt;
          runpy.run_path(
          ~~~~~~~~~~~~~~^
              str(ROOT / "tools" / "validate_wmpp_v16_enhancements.py"),
              ^^^^^^^^^^^^^^^^^^^^^^^^^^^^^^^^^^^^^^^^^^^^^^^^^^^^^^^^^^
              run_name="__main__",
              ^^^^^^^^^^^^^^^^^^^^
          )
          ^
        File "&lt;frozen runpy&gt;", line 294, in run_path
        File "&lt;frozen runpy&gt;", line 98, in _run_module_code
        File "&lt;frozen runpy&gt;", line 88, in _run_code
        File "C:\repos\BCT\fabric-csv-bronze-ingestion\project X\tools\validate_wmpp_v16_enhancements.py", line 224, in &lt;module&gt;
          main()
          ~~~~^^
        File "C:\repos\BCT\fabric-csv-bronze-ingestion\project X\tools\validate_wmpp_v16_enhancements.py", line 108, in main
          measures = measure_names(read(TABLES / "_Measures.tmdl"))
                                   ~~~~^^^^^^^^^^^^^^^^^^^^^^^^^^^
        File "C:\repos\BCT\fabric-csv-bronze-ingestion\project X\tools\validate_wmpp_v16_enhancements.py", line 39, in read
          return path.read_text(encoding="utf-8-sig")
                 ~~~~~~~~~~~~~~^^^^^^^^^^^^^^^^^^^^^^
        File "C:\Python314\Lib\pathlib\__init__.py", line 787, in read_text
          with self.open(mode='r', encoding=encoding, errors=errors, newline=newline) as f:
               ~~~~~~~~~^^^^^^^^^^^^^^^^^^^^^^^^^^^^^^^^^^^^^^^^^^^^^^^^^^^^^^^^^^^^^
        File "C:\Python314\Lib\pathlib\__init__.py", line 771, in open
          return io.open(self, mode, buffering, encoding, errors, newline)
                 ~~~~~~~^^^^^^^^^^^^^^^^^^^^^^^^^^^^^^^^^^^^^^^^^^^^^^^^^^
      FileNotFoundError: [Errno 2] No such file or directory: 'C:\\repos\\BCT\\fabric-csv-bronze-ingestion\\project X\\reports\\current\\SM WMPP v16 updated\\SM_WMPP_v16.SemanticModel\\definition\\tables\\_Measures.tmdl'

    assert 1 == 0
     +  where 1 = CompletedProcess(args=['C:\\Python314\\python.exe', 'C:\\repos\\BCT\\fabric-csv-bronze-ingestion\\project X\\tests\\va...\reports\\\\current\\\\SM WMPP v16 updated\\\\SM_WMPP_v16.SemanticModel\\\\definition\\\\tables\\\\_Measures.tmdl\'\n').returncode</failure></testcase></testsuite></testsuites>
